Using pre-set license
Built from '2020.2/release' branch; Version is '2020.2.0f1 (3721df5a8b28) revision 3613151'; Using compiler version '192528614'; Build Type 'Release'
OS: 'Windows 10  (10.0.0) 64bit' Language: 'en' Physical Memory: 16333 MB
BatchMode: 1, IsHumanControllingUs: 0, StartBugReporterOnCrash: 0, Is64bit: 1, IsPro: 0

 COMMAND LINE ARGUMENTS:
D:\Unity\Unity Editor\2020.2.0f1\Editor\Unity.exe
-adb2
-batchMode
-noUpm
-name
AssetImportWorker0
-projectPath
D:/Unity/Projects/Personal Project - Action-Adventure/Personal Project - Action-Adventure
-logFile
Logs/AssetImportWorker0.log
-srvPort
52091
Successfully changed project path to: D:/Unity/Projects/Personal Project - Action-Adventure/Personal Project - Action-Adventure
D:/Unity/Projects/Personal Project - Action-Adventure/Personal Project - Action-Adventure
Using Asset Import Pipeline V2.
Refreshing native plugins compatible for Editor in 53.20 ms, found 1 plugins.
Preloading 0 native plugins for Editor in 0.00 ms.
Initialize engine version: 2020.2.0f1 (3721df5a8b28)
[Subsystems] Discovering subsystems at path D:/Unity/Unity Editor/2020.2.0f1/Editor/Data/Resources/UnitySubsystems
[Subsystems] Discovering subsystems at path D:/Unity/Projects/Personal Project - Action-Adventure/Personal Project - Action-Adventure/Assets
GfxDevice: creating device client; threaded=0
Direct3D:
    Version:  Direct3D 11.0 [level 11.1]
    Renderer: NVIDIA GeForce GTX 1660 (ID=0x2184)
    Vendor:   
    VRAM:     5991 MB
    Driver:   27.21.14.5751
Initialize mono
Mono path[0] = 'D:/Unity/Unity Editor/2020.2.0f1/Editor/Data/Managed'
Mono path[1] = 'D:/Unity/Unity Editor/2020.2.0f1/Editor/Data/MonoBleedingEdge/lib/mono/unityjit'
Mono config path = 'D:/Unity/Unity Editor/2020.2.0f1/Editor/Data/MonoBleedingEdge/etc'
Using monoOptions --debugger-agent=transport=dt_socket,embedding=1,server=y,suspend=n,address=127.0.0.1:56908
Begin MonoManager ReloadAssembly
Registering precompiled unity dll's ...
Register platform support module: D:/Unity/Unity Editor/2020.2.0f1/Editor/Data/PlaybackEngines/WebGLSupport/UnityEditor.WebGL.Extensions.dll
Register platform support module: D:/Unity/Unity Editor/2020.2.0f1/Editor/Data/PlaybackEngines/WindowsStandaloneSupport/UnityEditor.WindowsStandalone.Extensions.dll
Registered in 0.001409 seconds.
Native extension for WindowsStandalone target not found
Native extension for WebGL target not found
Refreshing native plugins compatible for Editor in 49.18 ms, found 1 plugins.
Preloading 0 native plugins for Editor in 0.00 ms.
Invoked RoslynAnalysisRunner static constructor.
RoslynAnalysisRunner will not be running.
RoslynAnalysisRunner has terminated.
Mono: successfully reloaded assembly
- Completed reload, in  1.044 seconds
Platform modules already initialized, skipping
Registering precompiled user dll's ...
Registered in 0.007904 seconds.
Begin MonoManager ReloadAssembly
Native extension for WindowsStandalone target not found
Native extension for WebGL target not found
Refreshing native plugins compatible for Editor in 49.39 ms, found 1 plugins.
Preloading 0 native plugins for Editor in 0.00 ms.
Invoked RoslynAnalysisRunner static constructor.
RoslynAnalysisRunner will not be running.
RoslynAnalysisRunner has terminated.
Mono: successfully reloaded assembly
- Completed reload, in  1.550 seconds
Platform modules already initialized, skipping
========================================================================
Worker process is ready to serve import requests
Launched and connected shader compiler UnityShaderCompiler.exe after 0.11 seconds
Refreshing native plugins compatible for Editor in 0.82 ms, found 1 plugins.
Preloading 0 native plugins for Editor in 0.00 ms.
Unloading 1979 Unused Serialized files (Serialized files now loaded: 0)
System memory in use before: 99.1 MB.
System memory in use after: 99.2 MB.

Unloading 38 unused Assets to reduce memory usage. Loaded Objects now: 2476.
Total: 22.358300 ms (FindLiveObjects: 0.188900 ms CreateObjectMapping: 0.051500 ms MarkObjects: 22.025800 ms  DeleteObjects: 0.089600 ms)

========================================================================
Received Import Request.
  path: Assets/Plugins
  artifactKey: Guid(452ad5c625515aa4bb92c148e0a88e0d) Importer(815301076,1909f56bfc062723c751e8b465ee728b)
Start importing Assets/Plugins using Guid(452ad5c625515aa4bb92c148e0a88e0d) Importer(815301076,1909f56bfc062723c751e8b465ee728b)  -> (artifact id: 'aeca62f23fb30aa5cb7bbcc8df4a8f4d') in 0.011385 seconds
  Import took 0.014817 seconds .

========================================================================
Received Import Request.
  Time since last request: 0.000197 seconds.
  path: Assets/Scripts
  artifactKey: Guid(7865cbdc9d3798847a0c47a9bbfbc33d) Importer(815301076,1909f56bfc062723c751e8b465ee728b)
Start importing Assets/Scripts using Guid(7865cbdc9d3798847a0c47a9bbfbc33d) Importer(815301076,1909f56bfc062723c751e8b465ee728b)  -> (artifact id: '26d9231f08cd89dd04eaba241228bab2') in 0.009625 seconds
  Import took 0.012659 seconds .

========================================================================
Received Import Request.
  Time since last request: 26.443356 seconds.
  path: Assets/Scripts/Prefabs
  artifactKey: Guid(de3e9a1db39b0244b84e3197046523ee) Importer(815301076,1909f56bfc062723c751e8b465ee728b)
Start importing Assets/Scripts/Prefabs using Guid(de3e9a1db39b0244b84e3197046523ee) Importer(815301076,1909f56bfc062723c751e8b465ee728b)  -> (artifact id: '3d5e4e77ac27c9871dbe1e84664a3271') in 0.007383 seconds
  Import took 0.010829 seconds .

========================================================================
Received Import Request.
  Time since last request: 30.012919 seconds.
  path: Assets/Prefabs/Player.prefab
  artifactKey: Guid(e64b168c093dbc149a259781936cc746) Importer(815301076,1909f56bfc062723c751e8b465ee728b)
Start importing Assets/Prefabs/Player.prefab using Guid(e64b168c093dbc149a259781936cc746) Importer(815301076,1909f56bfc062723c751e8b465ee728b)  -> (artifact id: 'e85f753a24eb02baf59f684905acbb4c') in 0.048402 seconds
  Import took 0.052276 seconds .

========================================================================
Received Import Request.
  Time since last request: 54.759958 seconds.
  path: Assets/Prefabs/Player.prefab
  artifactKey: Guid(e64b168c093dbc149a259781936cc746) Importer(815301076,1909f56bfc062723c751e8b465ee728b)
Start importing Assets/Prefabs/Player.prefab using Guid(e64b168c093dbc149a259781936cc746) Importer(815301076,1909f56bfc062723c751e8b465ee728b)  -> (artifact id: 'bc7a939bba06c390a575c3b79282b574') in 0.075286 seconds
  Import took 0.079127 seconds .

========================================================================
Received Import Request.
  Time since last request: 35.826242 seconds.
  path: Assets/Scripts/PlayerMovement.cs
  artifactKey: Guid(906e81341b4233b428d03b46ac03cc60) Importer(815301076,1909f56bfc062723c751e8b465ee728b)
Start importing Assets/Scripts/PlayerMovement.cs using Guid(906e81341b4233b428d03b46ac03cc60) Importer(815301076,1909f56bfc062723c751e8b465ee728b)  -> (artifact id: '1dd0fa8ae78e5e7d5b712e075ac7c57a') in 0.011608 seconds
  Import took 0.015076 seconds .

AssetImportWorkerClient::OnTransportError - code=2 error=End of file
